ncsim 15.20-s086
Linux 3.10.0-1160.15.2.el7.x86_64 #1 SMP Thu Jan 21 16:15:07 EST 2021 x86_64
CPU cores: 32
Limit information:
======================================
cputime			unlimited
filesize		unlimited
datasize		unlimited
stacksize		8192 kbytes
coredumpsize	0 kbytes
memoryuse		unlimited
vmemoryuse		unlimited
descriptors		4096
memorylocked	64 kbytes
maxproc			4096
======================================
(Special)Runtime environment variables:

Runtime environment variables:
USER=wtwu
LOGNAME=wtwu
HOME=/home/wtwu
PATH=/opt/riscv/bin:/usr/cad/synopsys/icc/cur/amd64/syn/bin:/usr/cad/cadence/INCISIVE152/tools/bin:/usr/cad/cadence/INCISIVE152/tools/vtools/vfault/bin:/usr/cad/cadence/INCISIVE152/tools/dfII/bin:/usr/cad/synopsys/verdi/cur/bin:/usr/cad/synopsys/verdi/cur/nLint/bin:/usr/bin/X11:/usr/cad/synopsys/coreConsultant/cur/bin:/usr/cad/synopsys/synthesis/cur/amd64/syn/bin:/usr/cad/synopsys/lc/cur/bin:/usr/lib64/qt-3.3/bin:/usr/local/bin:/usr/bin:/usr/local/sbin:/usr/sbin
MAIL=/var/spool/mail/wtwu
SHELL=/bin/csh
SSH_CLIENT=140.118.114.92 51038 22
SSH_CONNECTION=140.118.114.92 51038 140.118.2.126 22
SSH_TTY=/dev/pts/3
TERM=xterm
DISPLAY=localhost:12.0
SELINUX_ROLE_REQUESTED=
SELINUX_LEVEL_REQUESTED=
SELINUX_USE_CURRENT_RANGE=
XDG_SESSION_ID=718
XDG_RUNTIME_DIR=/run/user/1005
HOSTTYPE=x86_64-linux
VENDOR=unknown
OSTYPE=linux
MACHTYPE=x86_64
SHLVL=1
PWD=/home/wtwu/DT/SYN_Sim
GROUP=wtwu
HOST=ib703-ip126.et.ntust.edu.tw
REMOTEHOST=ip114-92.IB.ntust.edu.tw
QT_X11_NO_MITSHM=1
HOSTNAME=ib703-ip126.et.ntust.edu.tw
LS_COLORS=rs=0:di=01;34:ln=01;36:mh=00:pi=40;33:so=01;35:do=01;35:bd=40;33;01:cd=40;33;01:or=40;31;01:mi=01;05;37;41:su=37;41:sg=30;43:ca=30;41:tw=30;42:ow=34;42:st=37;44:ex=01;32:*.tar=01;31:*.tgz=01;31:*.arc=01;31:*.arj=01;31:*.taz=01;31:*.lha=01;31:*.lz4=01;31:*.lzh=01;31:*.lzma=01;31:*.tlz=01;31:*.txz=01;31:*.tzo=01;31:*.t7z=01;31:*.zip=01;31:*.z=01;31:*.Z=01;31:*.dz=01;31:*.gz=01;31:*.lrz=01;31:*.lz=01;31:*.lzo=01;31:*.xz=01;31:*.bz2=01;31:*.bz=01;31:*.tbz=01;31:*.tbz2=01;31:*.tz=01;31:*.deb=01;31:*.rpm=01;31:*.jar=01;31:*.war=01;31:*.ear=01;31:*.sar=01;31:*.rar=01;31:*.alz=01;31:*.ace=01;31:*.zoo=01;31:*.cpio=01;31:*.7z=01;31:*.rz=01;31:*.cab=01;31:*.jpg=01;35:*.jpeg=01;35:*.gif=01;35:*.bmp=01;35:*.pbm=01;35:*.pgm=01;35:*.ppm=01;35:*.tga=01;35:*.xbm=01;35:*.xpm=01;35:*.tif=01;35:*.tiff=01;35:*.png=01;35:*.svg=01;35:*.svgz=01;35:*.mng=01;35:*.pcx=01;35:*.mov=01;35:*.mpg=01;35:*.mpeg=01;35:*.m2v=01;35:*.mkv=01;35:*.webm=01;35:*.ogm=01;35:*.mp4=01;35:*.m4v=01;35:*.mp4v=01;35:*.vob=01;35:*.qt=01;35:*.nuv=01;35:*.wmv=01;35:*.asf=01;35:*.rm=01;35:*.rmvb=01;35:*.flc=01;35:*.avi=01;35:*.fli=01;35:*.flv=01;35:*.gl=01;35:*.dl=01;35:*.xcf=01;35:*.xwd=01;35:*.yuv=01;35:*.cgm=01;35:*.emf=01;35:*.axv=01;35:*.anx=01;35:*.ogv=01;35:*.ogx=01;35:*.aac=01;36:*.au=01;36:*.flac=01;36:*.mid=01;36:*.midi=01;36:*.mka=01;36:*.mp3=01;36:*.mpc=01;36:*.ogg=01;36:*.ra=01;36:*.wav=01;36:*.axa=01;36:*.oga=01;36:*.spx=01;36:*.xspf=01;36:
CVS_RSH=ssh
SSH_ASKPASS=/usr/libexec/openssh/gnome-ssh-askpass
LANG=en_US.UTF-8
LESSOPEN=||/usr/bin/lesspipe.sh %s
QT_GRAPHICSSYSTEM_CHECKED=1
QTDIR=/usr/lib64/qt-3.3
QTINC=/usr/lib64/qt-3.3/include
QTLIB=/usr/lib64/qt-3.3/lib
SNPSLMD_LICENSE_FILE=26585@lsntu.ee.ntu.edu.tw:26585@lscic.cic.org.tw
SYNTHESIS=/usr/cad/synopsys/synthesis/cur
SYN_MAN_DIR=/usr/cad/synopsys/synthesis/cur/doc/syn/man
MANPATH=/usr/cad/synopsys/synthesis/cur/doc/syn/man
LD_LIBRARY_PATH=/usr/cad/cadence/INCISIVE152/tools/lib:/usr/cad/cadence/INCISIVE152/tools/vtools/vfault/lib::/usr/cad/synopsys/verdi/cur/share/PLI/IUS/LINUX
SHLIB_PATH=/usr/cad/synopsys/verdi/cur/share/PLI/IUS/LINUX
CDS_LIC_FILE=5280@lsntu.ee.ntu.edu.tw:5280@lscic.cic.org.tw
SYNOPSYS=/usr/cad/synopsys/icc/cur
RISCV=/opt/riscv
_IRUNROOT_=/usr/cad/cadence/INCISIVE152/tools
CDS_ARCH=lnx86
NCRUNMODE=ncverilog:./INCA_libs/irun.lnx86.15.20.nc
IRUNBATCH=FALSE
IMPERAS_PORT_FILE=.vsp_ovp_gdb_port
TCL_LIBRARY=/usr/cad/cadence/INCISIVE152/tools/inca/files/tcl/library
Runtime command line arguments:
argv[0]=ncverilog
argv[1]=testfixture.v
argv[2]=DT_syn.v
argv[3]=-v
argv[4]=tsmc13_neg.v
argv[5]=+define+TB1+FSDB
argv[6]=+access+r
78 profile - 100
          CPU/Mem usage: 0.020 sys,  0.020 user,  64.09M sys,  0.00M vm
79 VC callback profile - scalar:0 vector:0
80 Tue Mar 16 06:31:52 2021
81 pliAppInit
82 FSDB_GATE is disabled.
83 Enable Parallel Dumping.
84 pliAppMiscSet: New Sim Round
85 pliEntryInit
86 LIBSSCORE=found /usr/cad/synopsys/verdi/cur/share/PLI/IUS/LINUX/libsscore_ius152.so through $LD_LIBRARY_PATH setting.
87 argv[0]: DT.fsdb
88 argv[0]: (handle)0xbbcfca0 testfixture.u_sti_ROM.sti_M
89 argv[0]: (handle)0xbbcfca0 testfixture.u_res_RAM.res_M
90 FSDB Dumper for IUS, Release Verdi_R-2020.12, Linux, 11/19/2020
91 (C) 1996 - 2020 by Synopsys, Inc.
92 sps_call_fsdbDumpfile at 0 : /home/wtwu/DT/SYN_Sim/testfixture.v(70)
93 argv[0]: DT.fsdb
94 *Verdi* FSDB WARNING: The FSDB file already exists. Overwriting the FSDB file may crash the programs that are using this file.
95 *Verdi* : Create FSDB file 'DT.fsdb'
96 sps_call_fsdbDumpvars at 0 : /home/wtwu/DT/SYN_Sim/testfixture.v(71)
97 *Verdi* : Begin traversing the scopes, layer (0).
98 Cell instance `testfixture.u_dut.add_291_2.U1_1_6'.
99 *Verdi* : End of traversing.
100 fsdbDumpvars traverse var: profile - 
          CPU/Mem usage: 0.030 sys,  0.050 user,  147.30M sys,  0.00M vm
                   incr: 0.010 sys,  0.020 user,  4.16M sys,  0.00M vm
                   accu: 0.010 sys,  0.020 user,  4.16M sys,  0.00M vm
              accu incr: 0.010 sys,  0.020 user,  4.16M sys,  0.00M vm

          Count usage: 4810 var,  1355 idcode,  1355 callback
                 incr: 4810 var,  1355 idcode,  1355 callback
                 accu: 4810 var,  1355 idcode,  1355 callback
            accu incr: 4810 var,  1355 idcode,  1355 callback
101 VC callback profile - scalar:0 vector:0
102 Tue Mar 16 06:31:52 2021
103 fsdbDumpvars: profile - 
          CPU/Mem usage: 0.030 sys,  0.050 user,  148.35M sys,  0.00M vm
                   incr: 0.000 sys,  0.000 user,  1.05M sys,  0.00M vm
                   accu: 0.010 sys,  0.020 user,  5.21M sys,  0.00M vm
              accu incr: 0.000 sys,  0.000 user,  1.05M sys,  0.00M vm

          Count usage: 4810 var,  1355 idcode,  1355 callback
                 incr: 0 var,  0 idcode,  0 callback
                 accu: 4810 var,  1355 idcode,  1355 callback
            accu incr: 0 var,  0 idcode,  0 callback
104 VC callback profile - scalar:1344 vector:11
105 Tue Mar 16 06:31:52 2021
106 sps_call_fsdbDumpMDA at 0 : /home/wtwu/DT/SYN_Sim/testfixture.v(72)
107 argv[0]: (handle)0xbbcfca0 testfixture.u_sti_ROM.sti_M
108 *Verdi* : Dumping the MDA (testfixture.u_sti_ROM.sti_M).
109 fsdbDumpMDA traverse var: profile - 
          CPU/Mem usage: 0.030 sys,  0.060 user,  148.35M sys,  0.00M vm
                   incr: 0.000 sys,  0.010 user,  0.00M sys,  0.00M vm
                   accu: 0.000 sys,  0.010 user,  0.00M sys,  0.00M vm
              accu incr: 0.000 sys,  0.010 user,  0.00M sys,  0.00M vm

          Count usage: 5834 var,  2379 idcode,  2380 callback
                 incr: 1024 var,  1024 idcode,  1025 callback
                 accu: 1024 var,  1024 idcode,  1025 callback
            accu incr: 1024 var,  1024 idcode,  1025 callback
110 VC callback profile - scalar:1344 vector:11
111 Tue Mar 16 06:31:52 2021
112 fsdbDumpMDA: profile - 
          CPU/Mem usage: 0.030 sys,  0.060 user,  148.49M sys,  0.00M vm
                   incr: 0.000 sys,  0.000 user,  0.14M sys,  0.00M vm
                   accu: 0.000 sys,  0.010 user,  0.14M sys,  0.00M vm
              accu incr: 0.000 sys,  0.000 user,  0.14M sys,  0.00M vm

          Count usage: 5834 var,  2379 idcode,  2380 callback
                 incr: 0 var,  0 idcode,  0 callback
                 accu: 1024 var,  1024 idcode,  1025 callback
            accu incr: 0 var,  0 idcode,  0 callback
113 VC callback profile - scalar:1344 vector:1035
114 Tue Mar 16 06:31:52 2021
115 sps_call_fsdbDumpMDA at 0 : /home/wtwu/DT/SYN_Sim/testfixture.v(73)
116 argv[0]: (handle)0xbbcfca8 testfixture.u_res_RAM.res_M
117 *Verdi* : Dumping the MDA (testfixture.u_res_RAM.res_M).
118 fsdbDumpMDA traverse var: profile - 
          CPU/Mem usage: 0.030 sys,  0.110 user,  149.44M sys,  0.00M vm
                   incr: 0.000 sys,  0.050 user,  0.95M sys,  0.00M vm
                   accu: 0.000 sys,  0.050 user,  0.95M sys,  0.00M vm
              accu incr: 0.000 sys,  0.050 user,  0.95M sys,  0.00M vm

          Count usage: 22218 var,  18763 idcode,  18765 callback
                 incr: 16384 var,  16384 idcode,  16385 callback
                 accu: 16384 var,  16384 idcode,  16385 callback
            accu incr: 16384 var,  16384 idcode,  16385 callback
119 VC callback profile - scalar:1344 vector:1035
120 Tue Mar 16 06:31:52 2021
121 fsdbDumpMDA: profile - 
          CPU/Mem usage: 0.030 sys,  0.120 user,  150.00M sys,  0.00M vm
                   incr: 0.000 sys,  0.010 user,  0.56M sys,  0.00M vm
                   accu: 0.000 sys,  0.060 user,  1.51M sys,  0.00M vm
              accu incr: 0.000 sys,  0.010 user,  0.56M sys,  0.00M vm

          Count usage: 22218 var,  18763 idcode,  18765 callback
                 incr: 0 var,  0 idcode,  0 callback
                 accu: 16384 var,  16384 idcode,  16385 callback
            accu incr: 0 var,  0 idcode,  0 callback
122 VC callback profile - scalar:1344 vector:17419
123 Tue Mar 16 06:31:53 2021
124 End of simulation at 100000000000
125 VC callback profile - scalar:80004078 vector:18444
126 Tue Mar 16 06:32:02 2021
127 Begin FSDB profile info:
128 FSDB Writer : bc1(80004078) bcn(18444) mtf/stf(0/1)
FSDB Writer elapsed time : flush(0.010104) io wait(0.000000) theadpool wait(0.000000)
FSDB Writer cpu time : MT Compression : 0
129 End FSDB profile info
130 Parallel profile    -  Flush:5 Expand:0 ProduceWait:0 ConsumerWait:326 BlockUsed:354
131                        ProduceTime:9.476232916 ConsumerTime:8.855583667 Buffer:64MB
132 SimExit
133 Sim process exit
